Performing C SOURCE FILE Test CMAKE_HAVE_LIBC_PTHREAD failed with the following output:
Change Dir: /home/cat/AI/ADAS_Project/Perdet/build/CMakeFiles/CMakeTmp

Run Build Command(s):/usr/bin/gmake cmTC_4657b/fast && /usr/bin/gmake  -f CMakeFiles/cmTC_4657b.dir/build.make CMakeFiles/cmTC_4657b.dir/build
gmake[1]: 进入目录“/home/cat/AI/ADAS_Project/Perdet/build/CMakeFiles/CMakeTmp”
Building C object CMakeFiles/cmTC_4657b.dir/src.c.o
/usr/bin/aarch64-linux-gnu-gcc   -DCMAKE_HAVE_LIBC_PTHREAD -o CMakeFiles/cmTC_4657b.dir/src.c.o -c /home/cat/AI/ADAS_Project/Perdet/build/CMakeFiles/CMakeTmp/src.c
Linking C executable cmTC_4657b
/usr/bin/cmake -E cmake_link_script CMakeFiles/cmTC_4657b.dir/link.txt --verbose=1
/usr/bin/aarch64-linux-gnu-gcc  -DCMAKE_HAVE_LIBC_PTHREAD CMakeFiles/cmTC_4657b.dir/src.c.o -o cmTC_4657b 
/usr/bin/ld: CMakeFiles/cmTC_4657b.dir/src.c.o: in function `main':
src.c:(.text+0x34): undefined reference to `pthread_create'
/usr/bin/ld: src.c:(.text+0x3c): undefined reference to `pthread_detach'
/usr/bin/ld: src.c:(.text+0x44): undefined reference to `pthread_cancel'
/usr/bin/ld: src.c:(.text+0x50): undefined reference to `pthread_join'
collect2: error: ld returned 1 exit status
gmake[1]: *** [CMakeFiles/cmTC_4657b.dir/build.make:106：cmTC_4657b] 错误 1
gmake[1]: 离开目录“/home/cat/AI/ADAS_Project/Perdet/build/CMakeFiles/CMakeTmp”
gmake: *** [Makefile:140：cmTC_4657b/fast] 错误 2


Source file was:
#include <pthread.h>

void* test_func(void* data)
{
  return data;
}

int main(void)
{
  pthread_t thread;
  pthread_create(&thread, NULL, test_func, NULL);
  pthread_detach(thread);
  pthread_cancel(thread);
  pthread_join(thread, NULL);
  pthread_atfork(NULL, NULL, NULL);
  pthread_exit(NULL);

  return 0;
}

